<?xml version="1.0" encoding="UTF-8"?>
<testsuite xmlns:xsi="http://www.w3.org/2001/XMLSchema-instance" xsi:noNamespaceSchemaLocation="https://maven.apache.org/surefire/maven-surefire-plugin/xsd/surefire-test-report.xsd" name="Lab2.TestAddAssignmentWBT" time="0.123" tests="13" errors="0" skipped="0" failures="3">
  <properties>
    <property name="sun.desktop" value="windows"/>
    <property name="awt.toolkit" value="sun.awt.windows.WToolkit"/>
    <property name="java.specification.version" value="11"/>
    <property name="sun.cpu.isalist" value="amd64"/>
    <property name="sun.jnu.encoding" value="Cp1252"/>
    <property name="java.class.path" value="C:\Users\admin\IdeaProjects\Lab2VVSS\target\test-classes;C:\Users\admin\IdeaProjects\Lab2VVSS\target\classes;C:\Users\admin\.m2\repository\junit\junit\4.11\junit-4.11.jar;C:\Users\admin\.m2\repository\org\hamcrest\hamcrest-core\1.3\hamcrest-core-1.3.jar;"/>
    <property name="java.vm.vendor" value="Oracle Corporation"/>
    <property name="sun.arch.data.model" value="64"/>
    <property name="user.variant" value=""/>
    <property name="java.vendor.url" value="http://java.oracle.com/"/>
    <property name="user.timezone" value="Europe/Athens"/>
    <property name="java.vm.specification.version" value="11"/>
    <property name="os.name" value="Windows 10"/>
    <property name="sun.java.launcher" value="SUN_STANDARD"/>
    <property name="user.country" value="GB"/>
    <property name="sun.boot.library.path" value="C:\Program Files\Java\jdk-11.0.4\bin"/>
    <property name="sun.java.command" value="C:\Users\admin\AppData\Local\Temp\surefire4906783366399461575\surefirebooter2791392848884873285.jar C:\Users\admin\AppData\Local\Temp\surefire4906783366399461575 2020-04-15T15-46-22_076-jvmRun1 surefire578977380332445576tmp surefire_017882781333871378196tmp"/>
    <property name="jdk.debug" value="release"/>
    <property name="surefire.test.class.path" value="C:\Users\admin\IdeaProjects\Lab2VVSS\target\test-classes;C:\Users\admin\IdeaProjects\Lab2VVSS\target\classes;C:\Users\admin\.m2\repository\junit\junit\4.11\junit-4.11.jar;C:\Users\admin\.m2\repository\org\hamcrest\hamcrest-core\1.3\hamcrest-core-1.3.jar;"/>
    <property name="sun.cpu.endian" value="little"/>
    <property name="user.home" value="C:\Users\admin"/>
    <property name="user.language" value="en"/>
    <property name="java.specification.vendor" value="Oracle Corporation"/>
    <property name="java.version.date" value="2019-07-16"/>
    <property name="java.home" value="C:\Program Files\Java\jdk-11.0.4"/>
    <property name="file.separator" value="\"/>
    <property name="basedir" value="C:\Users\admin\IdeaProjects\Lab2VVSS"/>
    <property name="java.vm.compressedOopsMode" value="32-bit"/>
    <property name="line.separator" value="&#10;"/>
    <property name="java.specification.name" value="Java Platform API Specification"/>
    <property name="java.vm.specification.vendor" value="Oracle Corporation"/>
    <property name="java.awt.graphicsenv" value="sun.awt.Win32GraphicsEnvironment"/>
    <property name="surefire.real.class.path" value="C:\Users\admin\AppData\Local\Temp\surefire4906783366399461575\surefirebooter2791392848884873285.jar"/>
    <property name="user.script" value=""/>
    <property name="sun.management.compiler" value="HotSpot 64-Bit Tiered Compilers"/>
    <property name="java.runtime.version" value="11.0.4+10-LTS"/>
    <property name="user.name" value="admin"/>
    <property name="path.separator" value=";"/>
    <property name="os.version" value="10.0"/>
    <property name="java.runtime.name" value="Java(TM) SE Runtime Environment"/>
    <property name="file.encoding" value="Cp1252"/>
    <property name="java.vm.name" value="Java HotSpot(TM) 64-Bit Server VM"/>
    <property name="java.vendor.version" value="18.9"/>
    <property name="localRepository" value="C:\Users\admin\.m2\repository"/>
    <property name="java.vendor.url.bug" value="http://bugreport.java.com/bugreport/"/>
    <property name="java.io.tmpdir" value="C:\Users\admin\AppData\Local\Temp\"/>
    <property name="java.version" value="11.0.4"/>
    <property name="user.dir" value="C:\Users\admin\IdeaProjects\Lab2VVSS"/>
    <property name="os.arch" value="amd64"/>
    <property name="java.vm.specification.name" value="Java Virtual Machine Specification"/>
    <property name="java.awt.printerjob" value="sun.awt.windows.WPrinterJob"/>
    <property name="sun.os.patch.level" value=""/>
    <property name="idea.version2019.3.3" value="true"/>
    <property name="java.library.path" value="C:\Program Files\Java\jdk-11.0.4\bin;C:\WINDOWS\Sun\Java\bin;C:\WINDOWS\system32;C:\WINDOWS;C:\Program Files (x86)\Common Files\Oracle\Java\javapath;C:\Program Files (x86)\Intel\iCLS Client\;C:\Program Files\Intel\iCLS Client\;C:\WINDOWS\system32;C:\WINDOWS;C:\WINDOWS\System32\Wbem;C:\WINDOWS\System32\WindowsPowerShell\v1.0\;C:\Program Files (x86)\Intel\Intel(R) Management Engine Components\DAL;C:\Program Files\Intel\Intel(R) Management Engine Components\DAL;C:\Program Files (x86)\Intel\Intel(R) Management Engine Components\IPT;C:\Program Files\Intel\Intel(R) Management Engine Components\IPT;C:\WINDOWS\System32\OpenSSH\;C:\Program Files\Intel\WiFi\bin\;C:\Program Files\Common Files\Intel\WirelessCommon\;C:\Program Files\dotnet\;C:\Program Files\Git\cmd;C:\Program Files\nodejs\;C:\Program Files\Maven\apache-maven-3.6.3\bin;;C:\Program Files\Microsoft VS Code\bin;C:\Users\admin\AppData\Local\Microsoft\WindowsApps;C:\flutter\bin;C:\android-sdk;C:\Users\admin\AppData\Roaming\npm;C:\Program Files\JetBrains\IntelliJ IDEA Community Edition 2019.3.3\bin;;."/>
    <property name="java.vendor" value="Oracle Corporation"/>
    <property name="java.vm.info" value="mixed mode"/>
    <property name="java.vm.version" value="11.0.4+10-LTS"/>
    <property name="sun.io.unicode.encoding" value="UnicodeLittle"/>
    <property name="java.class.version" value="55.0"/>
  </properties>
  <testcase name="testAddAssignment" classname="Lab2.TestAddAssignmentWBT" time="0"/>
  <testcase name="testAddAssignmentValidatorStartLine" classname="Lab2.TestAddAssignmentWBT" time="0.014">
    <failure message="expected:&lt;[Data de primire invalida! ]&#10;&gt; but was:&lt;[Entitatea nu este valida! &#10;&#10;Entitatea nu este valida! &#10;&#13;]&#10;&gt;" type="org.junit.ComparisonFailure"><![CDATA[org.junit.ComparisonFailure: 
expected:<[Data de primire invalida! ]
> but was:<[Entitatea nu este valida! 

Entitatea nu este valida! 
]
>
	at Lab2.TestAddAssignmentWBT.testAddAssignmentValidatorStartLine(TestAddAssignmentWBT.java:255)
]]></failure>
  </testcase>
  <testcase name="testAddAssignmentRepositoryDuplicate" classname="Lab2.TestAddAssignmentWBT" time="0.011"/>
  <testcase name="testAddAssignmentValidatorDescriptionEmpty" classname="Lab2.TestAddAssignmentWBT" time="0.016"/>
  <testcase name="testAddAssignmentValidatorDescriptionValid" classname="Lab2.TestAddAssignmentWBT" time="0.01"/>
  <testcase name="testAddAssignmentValidatorDeadline1" classname="Lab2.TestAddAssignmentWBT" time="0.008"/>
  <testcase name="testAddAssignmentValidatorDeadline2" classname="Lab2.TestAddAssignmentWBT" time="0.006"/>
  <testcase name="testAddAssignmentValidatorDeadline3" classname="Lab2.TestAddAssignmentWBT" time="0.012"/>
  <testcase name="testAddAssignmentInvalid" classname="Lab2.TestAddAssignmentWBT" time="0.013">
    <failure type="java.lang.AssertionError">java.lang.AssertionError
	at Lab2.TestAddAssignmentWBT.testAddAssignmentInvalid(TestAddAssignmentWBT.java:64)
</failure>
  </testcase>
  <testcase name="testAddAssignmentService" classname="Lab2.TestAddAssignmentWBT" time="0.009"/>
  <testcase name="testAddAssignmentServiceDuplicate" classname="Lab2.TestAddAssignmentWBT" time="0.008">
    <failure message="expected:&lt;[Duplicate ID! &#10;]&gt; but was:&lt;[]&gt;" type="org.junit.ComparisonFailure"><![CDATA[org.junit.ComparisonFailure: 
expected:<[Duplicate ID! 
]> but was:<[]>
	at Lab2.TestAddAssignmentWBT.testAddAssignmentServiceDuplicate(TestAddAssignmentWBT.java:107)
]]></failure>
  </testcase>
  <testcase name="testAddAssignmentValidatorDescriptionNull" classname="Lab2.TestAddAssignmentWBT" time="0.007"/>
  <testcase name="testAddAssignmentRepository" classname="Lab2.TestAddAssignmentWBT" time="0.008"/>
</testsuite>