<?xml version="1.0" encoding="UTF-8"?>
<testsuite xmlns:xsi="http://www.w3.org/2001/XMLSchema-instance" xsi:noNamespaceSchemaLocation="https://maven.apache.org/surefire/maven-surefire-plugin/xsd/surefire-test-report.xsd" name="Lab2.AppTest" time="0.378" tests="12" errors="0" skipped="0" failures="6">
  <properties>
[...]
</properties>
  <testcase name="tc6AddStudentGroup110Invalid" classname="Lab2.AppTest" time="0.193">
    <failure type="java.lang.AssertionError">java.lang.AssertionError
	at Lab2.AppTest.tc6AddStudentGroup110Invalid(AppTest.java:113)
</failure>
    <system-out><![CDATA[Entitatea nu este valida! 

]]></system-out>
  </testcase>
  <testcase name="tc9AddStudentGroup937Valid" classname="Lab2.AppTest" time="0.016"/>
  <testcase name="shouldAnswerWithTrue" classname="Lab2.AppTest" time="0.008"/>
  <testcase name="testAddStudentToRepository" classname="Lab2.AppTest" time="0.015"/>
  <testcase name="tc7AddStudentGroup938Invalid" classname="Lab2.AppTest" time="0.012">
    <failure type="java.lang.AssertionError">java.lang.AssertionError
	at Lab2.AppTest.tc7AddStudentGroup938Invalid(AppTest.java:121)
</failure>
    <system-out><![CDATA[Entitatea nu este valida! 

]]></system-out>
  </testcase>
  <testcase name="tc8AddStudentGroup111Valid" classname="Lab2.AppTest" time="0.012"/>
  <testcase name="tc5AddStudentNameEmpty" classname="Lab2.AppTest" time="0.011">
    <failure type="java.lang.AssertionError">java.lang.AssertionError
	at Lab2.AppTest.tc5AddStudentNameEmpty(AppTest.java:104)
</failure>
    <system-out><![CDATA[Entitatea nu este valida! 

]]></system-out>
  </testcase>
  <testcase name="tc3AddStudentIdEmpty" classname="Lab2.AppTest" time="0.01">
    <failure type="java.lang.AssertionError">java.lang.AssertionError
	at Lab2.AppTest.tc3AddStudentIdEmpty(AppTest.java:88)
</failure>
    <system-out><![CDATA[Entitatea nu este valida! 

]]></system-out>
  </testcase>
  <testcase name="tc4AddStudentNameNull" classname="Lab2.AppTest" time="0.016">
    <failure type="java.lang.AssertionError">java.lang.AssertionError
	at Lab2.AppTest.tc4AddStudentNameNull(AppTest.java:96)
</failure>
    <system-out><![CDATA[Entitatea nu este valida! 

]]></system-out>
  </testcase>
  <testcase name="tc1AddStudentToRepository" classname="Lab2.AppTest" time="0.009"/>
  <testcase name="testAddStudentDuplicateId" classname="Lab2.AppTest" time="0.008"/>
  <testcase name="tc2AddStudentIdNull" classname="Lab2.AppTest" time="0.008">
    <failure type="java.lang.AssertionError">java.lang.AssertionError
	at Lab2.AppTest.tc2AddStudentIdNull(AppTest.java:80)
</failure>
    <system-out><![CDATA[Entitatea nu este valida! 

]]></system-out>
  </testcase>
</testsuite>