<?xml version="1.0" encoding="UTF-8"?>
<testsuite xmlns:xsi="http://www.w3.org/2001/XMLSchema-instance" xsi:noNamespaceSchemaLocation="https://maven.apache.org/surefire/maven-surefire-plugin/xsd/surefire-test-report.xsd" name="Lab2.TestAddAssignmentWBT" time="0.123" tests="13" errors="0" skipped="0" failures="3">
  <properties>
[...]
</properties>
  <testcase name="testAddAssignment" classname="Lab2.TestAddAssignmentWBT" time="0"/>
  <testcase name="testAddAssignmentValidatorStartLine" classname="Lab2.TestAddAssignmentWBT" time="0.014">
    <failure message="expected:&lt;[Data de primire invalida! ]&#10;&gt; but was:&lt;[Entitatea nu este valida! &#10;&#10;Entitatea nu este valida! &#10;&#13;]&#10;&gt;" type="org.junit.ComparisonFailure"><![CDATA[org.junit.ComparisonFailure: 
expected:<[Data de primire invalida! ]
> but was:<[Entitatea nu este valida! 

Entitatea nu este valida! 
]
>
	at Lab2.TestAddAssignmentWBT.testAddAssignmentValidatorStartLine(TestAddAssignmentWBT.java:255)
]]></failure>
  </testcase>
  <testcase name="testAddAssignmentRepositoryDuplicate" classname="Lab2.TestAddAssignmentWBT" time="0.011"/>
  <testcase name="testAddAssignmentValidatorDescriptionEmpty" classname="Lab2.TestAddAssignmentWBT" time="0.016"/>
  <testcase name="testAddAssignmentValidatorDescriptionValid" classname="Lab2.TestAddAssignmentWBT" time="0.01"/>
  <testcase name="testAddAssignmentValidatorDeadline1" classname="Lab2.TestAddAssignmentWBT" time="0.008"/>
  <testcase name="testAddAssignmentValidatorDeadline2" classname="Lab2.TestAddAssignmentWBT" time="0.006"/>
  <testcase name="testAddAssignmentValidatorDeadline3" classname="Lab2.TestAddAssignmentWBT" time="0.012"/>
  <testcase name="testAddAssignmentInvalid" classname="Lab2.TestAddAssignmentWBT" time="0.013">
    <failure type="java.lang.AssertionError">java.lang.AssertionError
	at Lab2.TestAddAssignmentWBT.testAddAssignmentInvalid(TestAddAssignmentWBT.java:64)
</failure>
  </testcase>
  <testcase name="testAddAssignmentService" classname="Lab2.TestAddAssignmentWBT" time="0.009"/>
  <testcase name="testAddAssignmentServiceDuplicate" classname="Lab2.TestAddAssignmentWBT" time="0.008">
    <failure message="expected:&lt;[Duplicate ID! &#10;]&gt; but was:&lt;[]&gt;" type="org.junit.ComparisonFailure"><![CDATA[org.junit.ComparisonFailure: 
expected:<[Duplicate ID! 
]> but was:<[]>
	at Lab2.TestAddAssignmentWBT.testAddAssignmentServiceDuplicate(TestAddAssignmentWBT.java:107)
]]></failure>
  </testcase>
  <testcase name="testAddAssignmentValidatorDescriptionNull" classname="Lab2.TestAddAssignmentWBT" time="0.007"/>
  <testcase name="testAddAssignmentRepository" classname="Lab2.TestAddAssignmentWBT" time="0.008"/>
</testsuite>